<?xml version="1.0" encoding="UTF-8"?>
<coverage generated="1782755038129" clover="3.2.0">
  <project timestamp="1782755038129" name="All files">
    <metrics statements="7" coveredstatements="7" conditionals="4" coveredconditionals="3" methods="3" coveredmethods="3" elements="14" coveredelements="13" complexity="0" loc="7" ncloc="7" packages="1" files="3" classes="3"/>
    <file name="localStorageSupport.js" path="/Users/mariacam/Development/storage-fun-with-forms-rebuild/src/modules/localStorageSupport.js">
      <metrics statements="1" coveredstatements="1" conditionals="0" coveredconditionals="0" methods="1" coveredmethods="1"/>
      <line num="3" count="1" type="stmt"/>
    </file>
    <file name="renderFooter.js" path="/Users/mariacam/Development/storage-fun-with-forms-rebuild/src/modules/renderFooter.js">
      <metrics statements="5" coveredstatements="5" conditionals="2" coveredconditionals="1" methods="1" coveredmethods="1"/>
      <line num="3" count="1" type="stmt"/>
      <line num="4" count="1" type="cond" truecount="1" falsecount="1"/>
      <line num="5" count="1" type="stmt"/>
      <line num="6" count="1" type="stmt"/>
      <line num="7" count="1" type="stmt"/>
    </file>
    <file name="withHash.js" path="/Users/mariacam/Development/storage-fun-with-forms-rebuild/src/modules/withHash.js">
      <metrics statements="1" coveredstatements="1" conditionals="2" coveredconditionals="2" methods="1" coveredmethods="1"/>
      <line num="3" count="3" type="cond" truecount="2" falsecount="0"/>
    </file>
  </project>
</coverage>
