{"/Users/mariacam/Development/storage-fun-with-forms-rebuild/src/modules/localStorageSupport.js": {"path":"/Users/mariacam/Development/storage-fun-with-forms-rebuild/src/modules/localStorageSupport.js","statementMap":{"0":{"start":{"line":3,"column":4},"end":{"line":3,"column":null}}},"fnMap":{"0":{"name":"localStorageSupport","decl":{"start":{"line":2,"column":16},"end":{"line":2,"column":35}},"loc":{"start":{"line":2,"column":38},"end":{"line":4,"column":null}}}},"branchMap":{},"s":{"0":1},"f":{"0":1},"b":{}}
,"/Users/mariacam/Development/storage-fun-with-forms-rebuild/src/modules/renderFooter.js": {"path":"/Users/mariacam/Development/storage-fun-with-forms-rebuild/src/modules/renderFooter.js","statementMap":{"0":{"start":{"line":3,"column":19},"end":{"line":3,"column":57}},"1":{"start":{"line":4,"column":4},"end":{"line":4,"column":null}},"2":{"start":{"line":4,"column":17},"end":{"line":4,"column":null}},"3":{"start":{"line":5,"column":17},"end":{"line":5,"column":41}},"4":{"start":{"line":6,"column":4},"end":{"line":6,"column":null}},"5":{"start":{"line":7,"column":4},"end":{"line":7,"column":null}}},"fnMap":{"0":{"name":"renderFooter","decl":{"start":{"line":2,"column":16},"end":{"line":2,"column":28}},"loc":{"start":{"line":2,"column":31},"end":{"line":8,"column":null}}}},"branchMap":{"0":{"loc":{"start":{"line":4,"column":4},"end":{"line":4,"column":null}},"type":"if","locations":[{"start":{"line":4,"column":4},"end":{"line":4,"column":null}},{"start":{},"end":{}}]}},"s":{"0":1,"1":1,"2":0,"3":1,"4":1,"5":1},"f":{"0":1},"b":{"0":[0,1]}}
,"/Users/mariacam/Development/storage-fun-with-forms-rebuild/src/modules/withHash.js": {"path":"/Users/mariacam/Development/storage-fun-with-forms-rebuild/src/modules/withHash.js","statementMap":{"0":{"start":{"line":3,"column":4},"end":{"line":3,"column":null}}},"fnMap":{"0":{"name":"withHash","decl":{"start":{"line":2,"column":16},"end":{"line":2,"column":24}},"loc":{"start":{"line":2,"column":30},"end":{"line":4,"column":null}}}},"branchMap":{"0":{"loc":{"start":{"line":3,"column":11},"end":{"line":3,"column":48}},"type":"cond-expr","locations":[{"start":{"line":3,"column":33},"end":{"line":3,"column":36}},{"start":{"line":3,"column":39},"end":{"line":3,"column":48}}]}},"s":{"0":3},"f":{"0":3},"b":{"0":[1,1]}}
}
